{
    "meta": {
        "format": 3,
        "version": "7.12.0",
        "timestamp": "2026-03-03T09:37:46.022422",
        "branch_coverage": true,
        "show_contexts": false
    },
    "files": {
        "monitoring/__init__.py": {
            "executed_lines": [
                2,
                5,
                6,
                8
            ],
            "summary": {
                "covered_lines": 3,
                "num_statements": 3,
                "percent_covered": 100.0,
                "percent_covered_display": "100",
                "missing_lines": 0,
                "excluded_lines": 0,
                "percent_statements_covered": 100.0,
                "percent_statements_covered_display": "100",
                "num_branches": 0,
                "num_partial_branches": 0,
                "covered_branches": 0,
                "missing_branches": 0,
                "percent_branches_covered": 100.0,
                "percent_branches_covered_display": "100"
            },
            "missing_lines": [],
            "excluded_lines": [],
            "executed_branches": [],
            "missing_branches": [],
            "functions": {
                "": {
                    "executed_lines": [
                        2,
                        5,
                        6,
                        8
                    ],
                    "summary": {
                        "covered_lines": 3,
                        "num_statements": 3,
                        "percent_covered": 100.0,
                        "percent_covered_display": "100",
                        "missing_lines": 0,
                        "excluded_lines": 0,
                        "percent_statements_covered": 100.0,
                        "percent_statements_covered_display": "100",
                        "num_branches": 0,
                        "num_partial_branches": 0,
                        "covered_branches": 0,
                        "missing_branches": 0,
                        "percent_branches_covered": 100.0,
                        "percent_branches_covered_display": "100"
                    },
                    "missing_lines": [],
                    "excluded_lines": [],
                    "executed_branches": [],
                    "missing_branches": []
                }
            },
            "classes": {
                "": {
                    "executed_lines": [
                        2,
                        5,
                        6,
                        8
                    ],
                    "summary": {
                        "covered_lines": 3,
                        "num_statements": 3,
                        "percent_covered": 100.0,
                        "percent_covered_display": "100",
                        "missing_lines": 0,
                        "excluded_lines": 0,
                        "percent_statements_covered": 100.0,
                        "percent_statements_covered_display": "100",
                        "num_branches": 0,
                        "num_partial_branches": 0,
                        "covered_branches": 0,
                        "missing_branches": 0,
                        "percent_branches_covered": 100.0,
                        "percent_branches_covered_display": "100"
                    },
                    "missing_lines": [],
                    "excluded_lines": [],
                    "executed_branches": [],
                    "missing_branches": []
                }
            }
        },
        "monitoring/logger.py": {
            "executed_lines": [
                2,
                7,
                8,
                9,
                10,
                11,
                14,
                15,
                17,
                18,
                29,
                33,
                34,
                36,
                39,
                40,
                42,
                43,
                44,
                47,
                49,
                50,
                51,
                53,
                55,
                58,
                59,
                60,
                62,
                63,
                65,
                66,
                68,
                69,
                71,
                72,
                74,
                78,
                89,
                90
            ],
            "summary": {
                "covered_lines": 37,
                "num_statements": 39,
                "percent_covered": 88.88888888888889,
                "percent_covered_display": "89",
                "missing_lines": 2,
                "excluded_lines": 0,
                "percent_statements_covered": 94.87179487179488,
                "percent_statements_covered_display": "95",
                "num_branches": 6,
                "num_partial_branches": 3,
                "covered_branches": 3,
                "missing_branches": 3,
                "percent_branches_covered": 50.0,
                "percent_branches_covered_display": "50"
            },
            "missing_lines": [
                30,
                75
            ],
            "excluded_lines": [],
            "executed_branches": [
                [
                    29,
                    33
                ],
                [
                    33,
                    34
                ],
                [
                    47,
                    49
                ]
            ],
            "missing_branches": [
                [
                    29,
                    30
                ],
                [
                    33,
                    36
                ],
                [
                    47,
                    -42
                ]
            ],
            "functions": {
                "JSONFormatter.format": {
                    "executed_lines": [
                        18,
                        29,
                        33,
                        34,
                        36
                    ],
                    "summary": {
                        "covered_lines": 5,
                        "num_statements": 6,
                        "percent_covered": 70.0,
                        "percent_covered_display": "70",
                        "missing_lines": 1,
                        "excluded_lines": 0,
                        "percent_statements_covered": 83.33333333333333,
                        "percent_statements_covered_display": "83",
                        "num_branches": 4,
                        "num_partial_branches": 2,
                        "covered_branches": 2,
                        "missing_branches": 2,
                        "percent_branches_covered": 50.0,
                        "percent_branches_covered_display": "50"
                    },
                    "missing_lines": [
                        30
                    ],
                    "excluded_lines": [],
                    "executed_branches": [
                        [
                            29,
                            33
                        ],
                        [
                            33,
                            34
                        ]
                    ],
                    "missing_branches": [
                        [
                            29,
                            30
                        ],
                        [
                            33,
                            36
                        ]
                    ]
                },
                "StructuredLogger.__init__": {
                    "executed_lines": [
                        43,
                        44,
                        47,
                        49,
                        50,
                        51
                    ],
                    "summary": {
                        "covered_lines": 6,
                        "num_statements": 6,
                        "percent_covered": 87.5,
                        "percent_covered_display": "88",
                        "missing_lines": 0,
                        "excluded_lines": 0,
                        "percent_statements_covered": 100.0,
                        "percent_statements_covered_display": "100",
                        "num_branches": 2,
                        "num_partial_branches": 1,
                        "covered_branches": 1,
                        "missing_branches": 1,
                        "percent_branches_covered": 50.0,
                        "percent_branches_covered_display": "50"
                    },
                    "missing_lines": [],
                    "excluded_lines": [],
                    "executed_branches": [
                        [
                            47,
                            49
                        ]
                    ],
                    "missing_branches": [
                        [
                            47,
                            -42
                        ]
                    ]
                },
                "StructuredLogger._log_with_extra": {
                    "executed_lines": [
                        55,
                        58,
                        59,
                        60
                    ],
                    "summary": {
                        "covered_lines": 4,
                        "num_statements": 4,
                        "percent_covered": 100.0,
                        "percent_covered_display": "100",
                        "missing_lines": 0,
                        "excluded_lines": 0,
                        "percent_statements_covered": 100.0,
                        "percent_statements_covered_display": "100",
                        "num_branches": 0,
                        "num_partial_branches": 0,
                        "covered_branches": 0,
                        "missing_branches": 0,
                        "percent_branches_covered": 100.0,
                        "percent_branches_covered_display": "100"
                    },
                    "missing_lines": [],
                    "excluded_lines": [],
                    "executed_branches": [],
                    "missing_branches": []
                },
                "StructuredLogger.debug": {
                    "executed_lines": [
                        63
                    ],
                    "summary": {
                        "covered_lines": 1,
                        "num_statements": 1,
                        "percent_covered": 100.0,
                        "percent_covered_display": "100",
                        "missing_lines": 0,
                        "excluded_lines": 0,
                        "percent_statements_covered": 100.0,
                        "percent_statements_covered_display": "100",
                        "num_branches": 0,
                        "num_partial_branches": 0,
                        "covered_branches": 0,
                        "missing_branches": 0,
                        "percent_branches_covered": 100.0,
                        "percent_branches_covered_display": "100"
                    },
                    "missing_lines": [],
                    "excluded_lines": [],
                    "executed_branches": [],
                    "missing_branches": []
                },
                "StructuredLogger.info": {
                    "executed_lines": [
                        66
                    ],
                    "summary": {
                        "covered_lines": 1,
                        "num_statements": 1,
                        "percent_covered": 100.0,
                        "percent_covered_display": "100",
                        "missing_lines": 0,
                        "excluded_lines": 0,
                        "percent_statements_covered": 100.0,
                        "percent_statements_covered_display": "100",
                        "num_branches": 0,
                        "num_partial_branches": 0,
                        "covered_branches": 0,
                        "missing_branches": 0,
                        "percent_branches_covered": 100.0,
                        "percent_branches_covered_display": "100"
                    },
                    "missing_lines": [],
                    "excluded_lines": [],
                    "executed_branches": [],
                    "missing_branches": []
                },
                "StructuredLogger.warning": {
                    "executed_lines": [
                        69
                    ],
                    "summary": {
                        "covered_lines": 1,
                        "num_statements": 1,
                        "percent_covered": 100.0,
                        "percent_covered_display": "100",
                        "missing_lines": 0,
                        "excluded_lines": 0,
                        "percent_statements_covered": 100.0,
                        "percent_statements_covered_display": "100",
                        "num_branches": 0,
                        "num_partial_branches": 0,
                        "covered_branches": 0,
                        "missing_branches": 0,
                        "percent_branches_covered": 100.0,
                        "percent_branches_covered_display": "100"
                    },
                    "missing_lines": [],
                    "excluded_lines": [],
                    "executed_branches": [],
                    "missing_branches": []
                },
                "StructuredLogger.error": {
                    "executed_lines": [
                        72
                    ],
                    "summary": {
                        "covered_lines": 1,
                        "num_statements": 1,
                        "percent_covered": 100.0,
                        "percent_covered_display": "100",
                        "missing_lines": 0,
                        "excluded_lines": 0,
                        "percent_statements_covered": 100.0,
                        "percent_statements_covered_display": "100",
                        "num_branches": 0,
                        "num_partial_branches": 0,
                        "covered_branches": 0,
                        "missing_branches": 0,
                        "percent_branches_covered": 100.0,
                        "percent_branches_covered_display": "100"
                    },
                    "missing_lines": [],
                    "excluded_lines": [],
                    "executed_branches": [],
                    "missing_branches": []
                },
                "StructuredLogger.critical": {
                    "executed_lines": [],
                    "summary": {
                        "covered_lines": 0,
                        "num_statements": 1,
                        "percent_covered": 0.0,
                        "percent_covered_display": "0",
                        "missing_lines": 1,
                        "excluded_lines": 0,
                        "percent_statements_covered": 0.0,
                        "percent_statements_covered_display": "0",
                        "num_branches": 0,
                        "num_partial_branches": 0,
                        "covered_branches": 0,
                        "missing_branches": 0,
                        "percent_branches_covered": 100.0,
                        "percent_branches_covered_display": "100"
                    },
                    "missing_lines": [
                        75
                    ],
                    "excluded_lines": [],
                    "executed_branches": [],
                    "missing_branches": []
                },
                "get_logger": {
                    "executed_lines": [
                        89,
                        90
                    ],
                    "summary": {
                        "covered_lines": 2,
                        "num_statements": 2,
                        "percent_covered": 100.0,
                        "percent_covered_display": "100",
                        "missing_lines": 0,
                        "excluded_lines": 0,
                        "percent_statements_covered": 100.0,
                        "percent_statements_covered_display": "100",
                        "num_branches": 0,
                        "num_partial_branches": 0,
                        "covered_branches": 0,
                        "missing_branches": 0,
                        "percent_branches_covered": 100.0,
                        "percent_branches_covered_display": "100"
                    },
                    "missing_lines": [],
                    "excluded_lines": [],
                    "executed_branches": [],
                    "missing_branches": []
                },
                "": {
                    "executed_lines": [
                        2,
                        7,
                        8,
                        9,
                        10,
                        11,
                        14,
                        15,
                        17,
                        39,
                        40,
                        42,
                        53,
                        62,
                        65,
                        68,
                        71,
                        74,
                        78
                    ],
                    "summary": {
                        "covered_lines": 16,
                        "num_statements": 16,
                        "percent_covered": 100.0,
                        "percent_covered_display": "100",
                        "missing_lines": 0,
                        "excluded_lines": 0,
                        "percent_statements_covered": 100.0,
                        "percent_statements_covered_display": "100",
                        "num_branches": 0,
                        "num_partial_branches": 0,
                        "covered_branches": 0,
                        "missing_branches": 0,
                        "percent_branches_covered": 100.0,
                        "percent_branches_covered_display": "100"
                    },
                    "missing_lines": [],
                    "excluded_lines": [],
                    "executed_branches": [],
                    "missing_branches": []
                }
            },
            "classes": {
                "JSONFormatter": {
                    "executed_lines": [
                        18,
                        29,
                        33,
                        34,
                        36
                    ],
                    "summary": {
                        "covered_lines": 5,
                        "num_statements": 6,
                        "percent_covered": 70.0,
                        "percent_covered_display": "70",
                        "missing_lines": 1,
                        "excluded_lines": 0,
                        "percent_statements_covered": 83.33333333333333,
                        "percent_statements_covered_display": "83",
                        "num_branches": 4,
                        "num_partial_branches": 2,
                        "covered_branches": 2,
                        "missing_branches": 2,
                        "percent_branches_covered": 50.0,
                        "percent_branches_covered_display": "50"
                    },
                    "missing_lines": [
                        30
                    ],
                    "excluded_lines": [],
                    "executed_branches": [
                        [
                            29,
                            33
                        ],
                        [
                            33,
                            34
                        ]
                    ],
                    "missing_branches": [
                        [
                            29,
                            30
                        ],
                        [
                            33,
                            36
                        ]
                    ]
                },
                "StructuredLogger": {
                    "executed_lines": [
                        43,
                        44,
                        47,
                        49,
                        50,
                        51,
                        55,
                        58,
                        59,
                        60,
                        63,
                        66,
                        69,
                        72
                    ],
                    "summary": {
                        "covered_lines": 14,
                        "num_statements": 15,
                        "percent_covered": 88.23529411764706,
                        "percent_covered_display": "88",
                        "missing_lines": 1,
                        "excluded_lines": 0,
                        "percent_statements_covered": 93.33333333333333,
                        "percent_statements_covered_display": "93",
                        "num_branches": 2,
                        "num_partial_branches": 1,
                        "covered_branches": 1,
                        "missing_branches": 1,
                        "percent_branches_covered": 50.0,
                        "percent_branches_covered_display": "50"
                    },
                    "missing_lines": [
                        75
                    ],
                    "excluded_lines": [],
                    "executed_branches": [
                        [
                            47,
                            49
                        ]
                    ],
                    "missing_branches": [
                        [
                            47,
                            -42
                        ]
                    ]
                },
                "": {
                    "executed_lines": [
                        2,
                        7,
                        8,
                        9,
                        10,
                        11,
                        14,
                        15,
                        17,
                        39,
                        40,
                        42,
                        53,
                        62,
                        65,
                        68,
                        71,
                        74,
                        78,
                        89,
                        90
                    ],
                    "summary": {
                        "covered_lines": 18,
                        "num_statements": 18,
                        "percent_covered": 100.0,
                        "percent_covered_display": "100",
                        "missing_lines": 0,
                        "excluded_lines": 0,
                        "percent_statements_covered": 100.0,
                        "percent_statements_covered_display": "100",
                        "num_branches": 0,
                        "num_partial_branches": 0,
                        "covered_branches": 0,
                        "missing_branches": 0,
                        "percent_branches_covered": 100.0,
                        "percent_branches_covered_display": "100"
                    },
                    "missing_lines": [],
                    "excluded_lines": [],
                    "executed_branches": [],
                    "missing_branches": []
                }
            }
        },
        "monitoring/metrics.py": {
            "executed_lines": [
                2,
                7,
                8,
                9,
                10,
                13,
                14,
                15,
                16,
                17,
                18,
                19,
                20,
                22,
                23,
                26,
                27,
                29,
                30,
                31,
                32,
                33,
                35,
                37,
                38,
                45,
                47,
                49,
                50,
                51,
                53,
                55,
                56,
                57,
                59,
                61,
                62,
                63,
                64,
                65,
                68,
                70,
                71,
                78,
                79,
                80,
                87,
                88,
                89,
                90,
                91,
                92,
                94,
                96,
                98,
                100,
                101,
                102,
                103,
                105,
                106,
                107,
                108,
                109,
                110,
                111,
                112,
                113,
                115,
                117,
                118,
                119,
                127,
                130,
                133,
                134,
                135
            ],
            "summary": {
                "covered_lines": 74,
                "num_statements": 75,
                "percent_covered": 94.25287356321839,
                "percent_covered_display": "94",
                "missing_lines": 1,
                "excluded_lines": 0,
                "percent_statements_covered": 98.66666666666667,
                "percent_statements_covered_display": "99",
                "num_branches": 12,
                "num_partial_branches": 4,
                "covered_branches": 8,
                "missing_branches": 4,
                "percent_branches_covered": 66.66666666666667,
                "percent_branches_covered_display": "67"
            },
            "missing_lines": [
                66
            ],
            "excluded_lines": [],
            "executed_branches": [
                [
                    61,
                    62
                ],
                [
                    78,
                    79
                ],
                [
                    78,
                    94
                ],
                [
                    79,
                    80
                ],
                [
                    105,
                    106
                ],
                [
                    107,
                    -96
                ],
                [
                    107,
                    108
                ],
                [
                    133,
                    134
                ]
            ],
            "missing_branches": [
                [
                    61,
                    66
                ],
                [
                    79,
                    87
                ],
                [
                    105,
                    -96
                ],
                [
                    133,
                    135
                ]
            ],
            "functions": {
                "MetricPoint.to_dict": {
                    "executed_lines": [
                        23
                    ],
                    "summary": {
                        "covered_lines": 1,
                        "num_statements": 1,
                        "percent_covered": 100.0,
                        "percent_covered_display": "100",
                        "missing_lines": 0,
                        "excluded_lines": 0,
                        "percent_statements_covered": 100.0,
                        "percent_statements_covered_display": "100",
                        "num_branches": 0,
                        "num_partial_branches": 0,
                        "covered_branches": 0,
                        "missing_branches": 0,
                        "percent_branches_covered": 100.0,
                        "percent_branches_covered_display": "100"
                    },
                    "missing_lines": [],
                    "excluded_lines": [],
                    "executed_branches": [],
                    "missing_branches": []
                },
                "MetricsCollector.__init__": {
                    "executed_lines": [
                        30,
                        31,
                        32,
                        33
                    ],
                    "summary": {
                        "covered_lines": 4,
                        "num_statements": 4,
                        "percent_covered": 100.0,
                        "percent_covered_display": "100",
                        "missing_lines": 0,
                        "excluded_lines": 0,
                        "percent_statements_covered": 100.0,
                        "percent_statements_covered_display": "100",
                        "num_branches": 0,
                        "num_partial_branches": 0,
                        "covered_branches": 0,
                        "missing_branches": 0,
                        "percent_branches_covered": 100.0,
                        "percent_branches_covered_display": "100"
                    },
                    "missing_lines": [],
                    "excluded_lines": [],
                    "executed_branches": [],
                    "missing_branches": []
                },
                "MetricsCollector.record_metric": {
                    "executed_lines": [
                        37,
                        38,
                        45
                    ],
                    "summary": {
                        "covered_lines": 3,
                        "num_statements": 3,
                        "percent_covered": 100.0,
                        "percent_covered_display": "100",
                        "missing_lines": 0,
                        "excluded_lines": 0,
                        "percent_statements_covered": 100.0,
                        "percent_statements_covered_display": "100",
                        "num_branches": 0,
                        "num_partial_branches": 0,
                        "covered_branches": 0,
                        "missing_branches": 0,
                        "percent_branches_covered": 100.0,
                        "percent_branches_covered_display": "100"
                    },
                    "missing_lines": [],
                    "excluded_lines": [],
                    "executed_branches": [],
                    "missing_branches": []
                },
                "MetricsCollector.increment_counter": {
                    "executed_lines": [
                        49,
                        50,
                        51
                    ],
                    "summary": {
                        "covered_lines": 3,
                        "num_statements": 3,
                        "percent_covered": 100.0,
                        "percent_covered_display": "100",
                        "missing_lines": 0,
                        "excluded_lines": 0,
                        "percent_statements_covered": 100.0,
                        "percent_statements_covered_display": "100",
                        "num_branches": 0,
                        "num_partial_branches": 0,
                        "covered_branches": 0,
                        "missing_branches": 0,
                        "percent_branches_covered": 100.0,
                        "percent_branches_covered_display": "100"
                    },
                    "missing_lines": [],
                    "excluded_lines": [],
                    "executed_branches": [],
                    "missing_branches": []
                },
                "MetricsCollector.start_timer": {
                    "executed_lines": [
                        55,
                        56,
                        57
                    ],
                    "summary": {
                        "covered_lines": 3,
                        "num_statements": 3,
                        "percent_covered": 100.0,
                        "percent_covered_display": "100",
                        "missing_lines": 0,
                        "excluded_lines": 0,
                        "percent_statements_covered": 100.0,
                        "percent_statements_covered_display": "100",
                        "num_branches": 0,
                        "num_partial_branches": 0,
                        "covered_branches": 0,
                        "missing_branches": 0,
                        "percent_branches_covered": 100.0,
                        "percent_branches_covered_display": "100"
                    },
                    "missing_lines": [],
                    "excluded_lines": [],
                    "executed_branches": [],
                    "missing_branches": []
                },
                "MetricsCollector.stop_timer": {
                    "executed_lines": [
                        61,
                        62,
                        63,
                        64,
                        65
                    ],
                    "summary": {
                        "covered_lines": 5,
                        "num_statements": 6,
                        "percent_covered": 75.0,
                        "percent_covered_display": "75",
                        "missing_lines": 1,
                        "excluded_lines": 0,
                        "percent_statements_covered": 83.33333333333333,
                        "percent_statements_covered_display": "83",
                        "num_branches": 2,
                        "num_partial_branches": 1,
                        "covered_branches": 1,
                        "missing_branches": 1,
                        "percent_branches_covered": 50.0,
                        "percent_branches_covered_display": "50"
                    },
                    "missing_lines": [
                        66
                    ],
                    "excluded_lines": [],
                    "executed_branches": [
                        [
                            61,
                            62
                        ]
                    ],
                    "missing_branches": [
                        [
                            61,
                            66
                        ]
                    ]
                },
                "MetricsCollector.get_summary": {
                    "executed_lines": [
                        70,
                        71,
                        78,
                        79,
                        80,
                        87,
                        88,
                        89,
                        90,
                        91,
                        92,
                        94
                    ],
                    "summary": {
                        "covered_lines": 12,
                        "num_statements": 12,
                        "percent_covered": 93.75,
                        "percent_covered_display": "94",
                        "missing_lines": 0,
                        "excluded_lines": 0,
                        "percent_statements_covered": 100.0,
                        "percent_statements_covered_display": "100",
                        "num_branches": 4,
                        "num_partial_branches": 1,
                        "covered_branches": 3,
                        "missing_branches": 1,
                        "percent_branches_covered": 75.0,
                        "percent_branches_covered_display": "75"
                    },
                    "missing_lines": [],
                    "excluded_lines": [],
                    "executed_branches": [
                        [
                            78,
                            79
                        ],
                        [
                            78,
                            94
                        ],
                        [
                            79,
                            80
                        ]
                    ],
                    "missing_branches": [
                        [
                            79,
                            87
                        ]
                    ]
                },
                "MetricsCollector.print_summary": {
                    "executed_lines": [
                        98,
                        100,
                        101,
                        102,
                        103,
                        105,
                        106,
                        107,
                        108,
                        109,
                        110,
                        111,
                        112,
                        113
                    ],
                    "summary": {
                        "covered_lines": 14,
                        "num_statements": 14,
                        "percent_covered": 94.44444444444444,
                        "percent_covered_display": "94",
                        "missing_lines": 0,
                        "excluded_lines": 0,
                        "percent_statements_covered": 100.0,
                        "percent_statements_covered_display": "100",
                        "num_branches": 4,
                        "num_partial_branches": 1,
                        "covered_branches": 3,
                        "missing_branches": 1,
                        "percent_branches_covered": 75.0,
                        "percent_branches_covered_display": "75"
                    },
                    "missing_lines": [],
                    "excluded_lines": [],
                    "executed_branches": [
                        [
                            105,
                            106
                        ],
                        [
                            107,
                            -96
                        ],
                        [
                            107,
                            108
                        ]
                    ],
                    "missing_branches": [
                        [
                            105,
                            -96
                        ]
                    ]
                },
                "MetricsCollector.export_json": {
                    "executed_lines": [
                        117,
                        118,
                        119
                    ],
                    "summary": {
                        "covered_lines": 3,
                        "num_statements": 3,
                        "percent_covered": 100.0,
                        "percent_covered_display": "100",
                        "missing_lines": 0,
                        "excluded_lines": 0,
                        "percent_statements_covered": 100.0,
                        "percent_statements_covered_display": "100",
                        "num_branches": 0,
                        "num_partial_branches": 0,
                        "covered_branches": 0,
                        "missing_branches": 0,
                        "percent_branches_covered": 100.0,
                        "percent_branches_covered_display": "100"
                    },
                    "missing_lines": [],
                    "excluded_lines": [],
                    "executed_branches": [],
                    "missing_branches": []
                },
                "get_collector": {
                    "executed_lines": [
                        133,
                        134,
                        135
                    ],
                    "summary": {
                        "covered_lines": 3,
                        "num_statements": 3,
                        "percent_covered": 80.0,
                        "percent_covered_display": "80",
                        "missing_lines": 0,
                        "excluded_lines": 0,
                        "percent_statements_covered": 100.0,
                        "percent_statements_covered_display": "100",
                        "num_branches": 2,
                        "num_partial_branches": 1,
                        "covered_branches": 1,
                        "missing_branches": 1,
                        "percent_branches_covered": 50.0,
                        "percent_branches_covered_display": "50"
                    },
                    "missing_lines": [],
                    "excluded_lines": [],
                    "executed_branches": [
                        [
                            133,
                            134
                        ]
                    ],
                    "missing_branches": [
                        [
                            133,
                            135
                        ]
                    ]
                },
                "": {
                    "executed_lines": [
                        2,
                        7,
                        8,
                        9,
                        10,
                        13,
                        14,
                        15,
                        16,
                        17,
                        18,
                        19,
                        20,
                        22,
                        26,
                        27,
                        29,
                        35,
                        47,
                        53,
                        59,
                        68,
                        96,
                        115,
                        127,
                        130
                    ],
                    "summary": {
                        "covered_lines": 23,
                        "num_statements": 23,
                        "percent_covered": 100.0,
                        "percent_covered_display": "100",
                        "missing_lines": 0,
                        "excluded_lines": 0,
                        "percent_statements_covered": 100.0,
                        "percent_statements_covered_display": "100",
                        "num_branches": 0,
                        "num_partial_branches": 0,
                        "covered_branches": 0,
                        "missing_branches": 0,
                        "percent_branches_covered": 100.0,
                        "percent_branches_covered_display": "100"
                    },
                    "missing_lines": [],
                    "excluded_lines": [],
                    "executed_branches": [],
                    "missing_branches": []
                }
            },
            "classes": {
                "MetricPoint": {
                    "executed_lines": [
                        23
                    ],
                    "summary": {
                        "covered_lines": 1,
                        "num_statements": 1,
                        "percent_covered": 100.0,
                        "percent_covered_display": "100",
                        "missing_lines": 0,
                        "excluded_lines": 0,
                        "percent_statements_covered": 100.0,
                        "percent_statements_covered_display": "100",
                        "num_branches": 0,
                        "num_partial_branches": 0,
                        "covered_branches": 0,
                        "missing_branches": 0,
                        "percent_branches_covered": 100.0,
                        "percent_branches_covered_display": "100"
                    },
                    "missing_lines": [],
                    "excluded_lines": [],
                    "executed_branches": [],
                    "missing_branches": []
                },
                "MetricsCollector": {
                    "executed_lines": [
                        30,
                        31,
                        32,
                        33,
                        37,
                        38,
                        45,
                        49,
                        50,
                        51,
                        55,
                        56,
                        57,
                        61,
                        62,
                        63,
                        64,
                        65,
                        70,
                        71,
                        78,
                        79,
                        80,
                        87,
                        88,
                        89,
                        90,
                        91,
                        92,
                        94,
                        98,
                        100,
                        101,
                        102,
                        103,
                        105,
                        106,
                        107,
                        108,
                        109,
                        110,
                        111,
                        112,
                        113,
                        117,
                        118,
                        119
                    ],
                    "summary": {
                        "covered_lines": 47,
                        "num_statements": 48,
                        "percent_covered": 93.10344827586206,
                        "percent_covered_display": "93",
                        "missing_lines": 1,
                        "excluded_lines": 0,
                        "percent_statements_covered": 97.91666666666667,
                        "percent_statements_covered_display": "98",
                        "num_branches": 10,
                        "num_partial_branches": 3,
                        "covered_branches": 7,
                        "missing_branches": 3,
                        "percent_branches_covered": 70.0,
                        "percent_branches_covered_display": "70"
                    },
                    "missing_lines": [
                        66
                    ],
                    "excluded_lines": [],
                    "executed_branches": [
                        [
                            61,
                            62
                        ],
                        [
                            78,
                            79
                        ],
                        [
                            78,
                            94
                        ],
                        [
                            79,
                            80
                        ],
                        [
                            105,
                            106
                        ],
                        [
                            107,
                            -96
                        ],
                        [
                            107,
                            108
                        ]
                    ],
                    "missing_branches": [
                        [
                            61,
                            66
                        ],
                        [
                            79,
                            87
                        ],
                        [
                            105,
                            -96
                        ]
                    ]
                },
                "": {
                    "executed_lines": [
                        2,
                        7,
                        8,
                        9,
                        10,
                        13,
                        14,
                        15,
                        16,
                        17,
                        18,
                        19,
                        20,
                        22,
                        26,
                        27,
                        29,
                        35,
                        47,
                        53,
                        59,
                        68,
                        96,
                        115,
                        127,
                        130,
                        133,
                        134,
                        135
                    ],
                    "summary": {
                        "covered_lines": 26,
                        "num_statements": 26,
                        "percent_covered": 96.42857142857143,
                        "percent_covered_display": "96",
                        "missing_lines": 0,
                        "excluded_lines": 0,
                        "percent_statements_covered": 100.0,
                        "percent_statements_covered_display": "100",
                        "num_branches": 2,
                        "num_partial_branches": 1,
                        "covered_branches": 1,
                        "missing_branches": 1,
                        "percent_branches_covered": 50.0,
                        "percent_branches_covered_display": "50"
                    },
                    "missing_lines": [],
                    "excluded_lines": [],
                    "executed_branches": [
                        [
                            133,
                            134
                        ]
                    ],
                    "missing_branches": [
                        [
                            133,
                            135
                        ]
                    ]
                }
            }
        }
    },
    "totals": {
        "covered_lines": 114,
        "num_statements": 117,
        "percent_covered": 92.5925925925926,
        "percent_covered_display": "93",
        "missing_lines": 3,
        "excluded_lines": 0,
        "percent_statements_covered": 97.43589743589743,
        "percent_statements_covered_display": "97",
        "num_branches": 18,
        "num_partial_branches": 7,
        "covered_branches": 11,
        "missing_branches": 7,
        "percent_branches_covered": 61.111111111111114,
        "percent_branches_covered_display": "61"
    }
}